<?xml version="1.0" encoding="UTF-8"?>
<!-- Generated by org.testng.reporters.JUnitReportReporter -->
<testsuite skipped="0" hostname="Hasee-PC" name="org.test.kri.A" tests="1" failures="0" timestamp="13 May 2020 07:46:29 GMT" time="0.116" errors="0">
  <testcase name="test1" time="0.116" classname="org.test.kri.A"/>
</testsuite> <!-- org.test.kri.A -->
